  Source.c
c:\users\erik\documents\visual studio 2017\projects\temp\labb6\inköpslista\source.c(18): error C2371: 'Matvara': redefinition; different basic types
  c:\users\erik\documents\visual studio 2017\projects\temp\labb6\inköpslista\shoppinglist.h(8): note: see declaration of 'Matvara'
c:\users\erik\documents\visual studio 2017\projects\temp\labb6\inköpslista\source.c(30): error C2371: 'ShoppingList': redefinition; different basic types
  c:\users\erik\documents\visual studio 2017\projects\temp\labb6\inköpslista\shoppinglist.h(14): note: see declaration of 'ShoppingList'
c:\users\erik\documents\visual studio 2017\projects\temp\labb6\inköpslista\source.c(125): warning C4996: 'strcpy': This function or variable may be unsafe. Consider using strcpy_s instead. To disable deprecation, use _CRT_SECURE_NO_WARNINGS. See online help for details.
  c:\program files (x86)\windows kits\10\include\10.0.15063.0\ucrt\string.h(136): note: see declaration of 'strcpy'
c:\users\erik\documents\visual studio 2017\projects\temp\labb6\inköpslista\source.c(126): warning C4996: 'strcpy': This function or variable may be unsafe. Consider using strcpy_s instead. To disable deprecation, use _CRT_SECURE_NO_WARNINGS. See online help for details.
  c:\program files (x86)\windows kits\10\include\10.0.15063.0\ucrt\string.h(136): note: see declaration of 'strcpy'
c:\users\erik\documents\visual studio 2017\projects\temp\labb6\inköpslista\source.c(254): warning C4996: 'fopen': This function or variable may be unsafe. Consider using fopen_s instead. To disable deprecation, use _CRT_SECURE_NO_WARNINGS. See online help for details.
  c:\program files (x86)\windows kits\10\include\10.0.15063.0\ucrt\stdio.h(207): note: see declaration of 'fopen'
  ShoppingList.c
c:\users\erik\documents\visual studio 2017\projects\temp\labb6\inköpslista\shoppinglist.c(16): error C2065: 'NULL': undeclared identifier
c:\users\erik\documents\visual studio 2017\projects\temp\labb6\inköpslista\shoppinglist.c(16): warning C4047: '==': 'Matvara *' differs in levels of indirection from 'int'
c:\users\erik\documents\visual studio 2017\projects\temp\labb6\inköpslista\shoppinglist.c(19): warning C4013: 'malloc' undefined; assuming extern returning int
c:\users\erik\documents\visual studio 2017\projects\temp\labb6\inköpslista\shoppinglist.c(22): error C2065: 'NULL': undeclared identifier
c:\users\erik\documents\visual studio 2017\projects\temp\labb6\inköpslista\shoppinglist.c(22): warning C4047: '==': 'Matvara *' differs in levels of indirection from 'int'
c:\users\erik\documents\visual studio 2017\projects\temp\labb6\inköpslista\shoppinglist.c(24): warning C4013: 'printf' undefined; assuming extern returning int
c:\users\erik\documents\visual studio 2017\projects\temp\labb6\inköpslista\shoppinglist.c(41): warning C4013: 'realloc' undefined; assuming extern returning int
c:\users\erik\documents\visual studio 2017\projects\temp\labb6\inköpslista\shoppinglist.c(42): error C2065: 'NULL': undeclared identifier
c:\users\erik\documents\visual studio 2017\projects\temp\labb6\inköpslista\shoppinglist.c(42): warning C4047: '==': 'Matvara *' differs in levels of indirection from 'int'
c:\users\erik\documents\visual studio 2017\projects\temp\labb6\inköpslista\shoppinglist.c(41): warning C4047: 'initializing': 'Matvara *' differs in levels of indirection from 'int'
c:\users\erik\documents\visual studio 2017\projects\temp\labb6\inköpslista\shoppinglist.c(78): warning C4013: 'scanString' undefined; assuming extern returning int
c:\users\erik\documents\visual studio 2017\projects\temp\labb6\inköpslista\shoppinglist.c(86): warning C4013: 'scanFloat' undefined; assuming extern returning int
c:\users\erik\documents\visual studio 2017\projects\temp\labb6\inköpslista\shoppinglist.c(95): warning C4013: 'strcpy' undefined; assuming extern returning int
c:\users\erik\documents\visual studio 2017\projects\temp\labb6\inköpslista\shoppinglist.c(203): warning C4013: 'scanInt' undefined; assuming extern returning int
c:\users\erik\documents\visual studio 2017\projects\temp\labb6\inköpslista\shoppinglist.c(222): error C2065: 'FILE': undeclared identifier
c:\users\erik\documents\visual studio 2017\projects\temp\labb6\inköpslista\shoppinglist.c(222): error C2065: 'fileptr': undeclared identifier
c:\users\erik\documents\visual studio 2017\projects\temp\labb6\inköpslista\shoppinglist.c(222): warning C4552: '*': operator has no effect; expected operator with side-effect
c:\users\erik\documents\visual studio 2017\projects\temp\labb6\inköpslista\shoppinglist.c(224): error C2065: 'fileptr': undeclared identifier
c:\users\erik\documents\visual studio 2017\projects\temp\labb6\inköpslista\shoppinglist.c(224): warning C4013: 'fopen' undefined; assuming extern returning int
c:\users\erik\documents\visual studio 2017\projects\temp\labb6\inköpslista\shoppinglist.c(226): error C2065: 'fileptr': undeclared identifier
c:\users\erik\documents\visual studio 2017\projects\temp\labb6\inköpslista\shoppinglist.c(226): error C2065: 'NULL': undeclared identifier
c:\users\erik\documents\visual studio 2017\projects\temp\labb6\inköpslista\shoppinglist.c(232): warning C4013: 'fprintf' undefined; assuming extern returning int
c:\users\erik\documents\visual studio 2017\projects\temp\labb6\inköpslista\shoppinglist.c(232): error C2065: 'fileptr': undeclared identifier
c:\users\erik\documents\visual studio 2017\projects\temp\labb6\inköpslista\shoppinglist.c(233): error C2065: 'fileptr': undeclared identifier
c:\users\erik\documents\visual studio 2017\projects\temp\labb6\inköpslista\shoppinglist.c(237): error C2065: 'fileptr': undeclared identifier
c:\users\erik\documents\visual studio 2017\projects\temp\labb6\inköpslista\shoppinglist.c(239): error C2065: 'fileptr': undeclared identifier
c:\users\erik\documents\visual studio 2017\projects\temp\labb6\inköpslista\shoppinglist.c(243): warning C4013: 'fclose' undefined; assuming extern returning int
c:\users\erik\documents\visual studio 2017\projects\temp\labb6\inköpslista\shoppinglist.c(243): error C2065: 'fileptr': undeclared identifier
c:\users\erik\documents\visual studio 2017\projects\temp\labb6\inköpslista\shoppinglist.c(250): error C2065: 'FILE': undeclared identifier
c:\users\erik\documents\visual studio 2017\projects\temp\labb6\inköpslista\shoppinglist.c(250): error C2065: 'fileptr': undeclared identifier
c:\users\erik\documents\visual studio 2017\projects\temp\labb6\inköpslista\shoppinglist.c(250): warning C4552: '*': operator has no effect; expected operator with side-effect
c:\users\erik\documents\visual studio 2017\projects\temp\labb6\inköpslista\shoppinglist.c(252): warning C4013: 'free' undefined; assuming extern returning int
c:\users\erik\documents\visual studio 2017\projects\temp\labb6\inköpslista\shoppinglist.c(253): error C2065: 'NULL': undeclared identifier
c:\users\erik\documents\visual studio 2017\projects\temp\labb6\inköpslista\shoppinglist.c(253): warning C4047: '=': 'Matvara *' differs in levels of indirection from 'int'
  Generating Code...
